2023/08/06 17:08:49 [INFO] authHandler.go - Login Handler
2023/08/06 17:09:27 [INFO] authHandler.go - Signup Handler
2023/08/06 23:44:16 [FATAL] mysql.go - Schema initialization failed: Error reading sql file: open ../queries/create_tables.sql: no such file or directory
2023/08/06 23:45:05 [TRACE] mysql.go - Executing Schema Initializer SQL Queries: [67 82 69 65 84 69 32 84 65 66 76 69 32 73 70 32 78 79 84 32 69 88 73 83 84 83 32 117 115 101 114 32 40 10 32 32 32 32 105 100 32 73 78 84 32 65 85 84 79 95 73 78 67 82 69 77 69 78 84 32 80 82 73 77 65 82 89 32 75 69 89 44 10 32 32 32 32 101 109 97 105 108 32 86 65 82 67 72 65 82 40 50 53 53 41 32 85 78 73 81 85 69 32 78 79 84 32 78 85 76 76 44 10 32 32 32 32 112 97 115 115 119 111 114 100 32 86 65 82 67 72 65 82 40 50 53 53 41 32 78 79 84 32 78 85 76 76 44 10 32 32 32 32 115 99 111 112 101 115 32 86 65 82 67 72 65 82 40 50 53 53 41 32 85 78 73 81 85 69 32 78 79 84 32 78 85 76 76 44 10 32 32 32 32 99 114 101 97 116 101 100 95 97 116 32 84 73 77 69 83 84 65 77 80 32 68 69 70 65 85 76 84 32 67 85 82 82 69 78 84 95 84 73 77 69 83 84 65 77 80 44 10 32 32 32 32 117 112 100 97 116 101 100 95 97 116 32 84 73 77 69 83 84 65 77 80 32 68 69 70 65 85 76 84 32 67 85 82 82 69 78 84 95 84 73 77 69 83 84 65 77 80 32 79 78 32 85 80 68 65 84 69 32 67 85 82 82 69 78 84 95 84 73 77 69 83 84 65 77 80 44 10 32 32 32 32 73 78 68 69 88 32 105 100 120 95 117 115 101 114 95 101 109 97 105 108 32 40 101 109 97 105 108 41 10 41 59]
2023/08/06 23:45:57 [TRACE] mysql.go - Executing Schema Initializer SQL Queries: CREATE TABLE IF NOT EXISTS user (
    id INT AUTO_INCREMENT PRIMARY KEY,
    email VARCHAR(255) UNIQUE NOT NULL,
    password VARCHAR(255) NOT NULL,
    scopes VARCHAR(255) UNIQUE NOT NULL,
    created_at TIMESTAMP DEFAULT CURRENT_TIMESTAMP,
    updated_at TIMESTAMP DEFAULT CURRENT_TIMESTAMP ON UPDATE CURRENT_TIMESTAMP,
    INDEX idx_user_email (email)
);
2023/08/06 23:46:28 [TRACE] mysql.go - Executing Schema Initializer SQL Queries: CREATE TABLE IF NOT EXISTS user (
    id INT AUTO_INCREMENT PRIMARY KEY,
    email VARCHAR(255) UNIQUE NOT NULL,
    password VARCHAR(255) NOT NULL,
    scopes VARCHAR(255) UNIQUE NOT NULL,
    created_at TIMESTAMP DEFAULT CURRENT_TIMESTAMP,
    updated_at TIMESTAMP DEFAULT CURRENT_TIMESTAMP ON UPDATE CURRENT_TIMESTAMP,
    INDEX idx_user_email (email)
);
2023/08/06 23:48:38 [TRACE] mysql.go - Executing Schema Initializer SQL Queries: CREATE TABLE IF NOT EXISTS users (
    id INT AUTO_INCREMENT PRIMARY KEY,
    email VARCHAR(255) UNIQUE NOT NULL,
    password VARCHAR(255) NOT NULL,
    scopes VARCHAR(255) UNIQUE NOT NULL,
    created_at TIMESTAMP DEFAULT CURRENT_TIMESTAMP,
    updated_at TIMESTAMP DEFAULT CURRENT_TIMESTAMP ON UPDATE CURRENT_TIMESTAMP,
    INDEX idx_user_email (email)
);
2023/08/06 23:50:51 [TRACE] mysql.go - Executing Schema Initializer SQL Queries: CREATE TABLE IF NOT EXISTS users (
    id INT AUTO_INCREMENT PRIMARY KEY,
    email VARCHAR(255) UNIQUE NOT NULL,
    password VARCHAR(255) NOT NULL,
    scopes VARCHAR(255) UNIQUE NOT NULL,
    created_at TIMESTAMP DEFAULT CURRENT_TIMESTAMP,
    updated_at TIMESTAMP DEFAULT CURRENT_TIMESTAMP ON UPDATE CURRENT_TIMESTAMP
);
2023/08/07 00:02:13 [TRACE] mysql.go - Executing Schema Initializer SQL Queries: CREATE TABLE IF NOT EXISTS users (
    id INT AUTO_INCREMENT PRIMARY KEY,
    email VARCHAR(255) UNIQUE NOT NULL,
    password VARCHAR(255) NOT NULL,
    scopes VARCHAR(255) UNIQUE NOT NULL,
    created_at TIMESTAMP DEFAULT CURRENT_TIMESTAMP,
    updated_at TIMESTAMP DEFAULT CURRENT_TIMESTAMP ON UPDATE CURRENT_TIMESTAMP
);
2023/08/07 00:03:39 [TRACE] mysql.go - Executing Schema Initializer SQL Queries: CREATE TABLE IF NOT EXISTS users (
    id VARCHAR(32) PRIMARY KEY,
    email VARCHAR(255) UNIQUE NOT NULL,
    password VARCHAR(255) NOT NULL,
    scopes VARCHAR(255) UNIQUE NOT NULL,
    created_at TIMESTAMP DEFAULT CURRENT_TIMESTAMP,
    updated_at TIMESTAMP DEFAULT CURRENT_TIMESTAMP ON UPDATE CURRENT_TIMESTAMP
);
